<?xml version="1.0" encoding="UTF-8"?>
<!-- Generated by org.testng.reporters.JUnitReportReporter -->
<testsuite hostname="Ash" failures="0" tests="1" name="testpage.TestLogin" time="4.915" errors="0" timestamp="2023-08-07T13:53:18 IST" skipped="0">
  <testcase classname="testpage.TestLogin" name="testLogin" time="4.915"/>
</testsuite> <!-- testpage.TestLogin -->
